<?xml version="1.0" encoding="UTF-8"?>
<testsuite xmlns:xsi="http://www.w3.org/2001/XMLSchema-instance" xsi:noNamespaceSchemaLocation="https://maven.apache.org/surefire/maven-surefire-plugin/xsd/surefire-test-report-3.0.xsd" version="3.0" name="com.udla.evaluaytor.businessdomain.evaluacion.EvaluacionApplicationTests" time="14.707" tests="1" errors="0" skipped="0" failures="0">
  <properties>
[...]
</properties>
  <testcase name="contextLoads" classname="com.udla.evaluaytor.businessdomain.evaluacion.EvaluacionApplicationTests" time="0.993">
    <system-out><![CDATA[17:39:47.067 [main] INFO org.springframework.test.context.support.AnnotationConfigContextLoaderUtils -- Could not detect default configuration classes for test class [com.udla.evaluaytor.businessdomain.evaluacion.EvaluacionApplicationTests]: EvaluacionApplicationTests does not declare any static, non-private, non-final, nested classes annotated with @Configuration.
17:39:47.198 [main] INFO org.springframework.boot.test.context.SpringBootTestContextBootstrapper -- Found @SpringBootConfiguration com.udla.evaluaytor.businessdomain.evaluacion.EvaluacionApplication for test class com.udla.evaluaytor.businessdomain.evaluacion.EvaluacionApplicationTests
17:39:47.505 [main] INFO org.springframework.boot.devtools.restart.RestartApplicationListener -- Restart disabled due to context in which it is running

  .   ____          _            __ _ _
 /\\ / ___'_ __ _ _(_)_ __  __ _ \ \ \ \
( ( )\___ | '_ | '_| | '_ \/ _` | \ \ \ \
 \\/  ___)| |_)| | | | | || (_| |  ) ) ) )
  '  |____| .__|_| |_|_| |_\__, | / / / /
 =========|_|==============|___/=/_/_/_/

 :: Spring Boot ::                (v3.3.1)

2024-07-14T17:39:48.263-05:00  INFO 28184 --- [evaluacion] [           main] c.u.e.b.e.EvaluacionApplicationTests     : Starting EvaluacionApplicationTests using Java 17.0.5 with PID 28184 (started by CarlosBalladares in D:\Proyectos\UDLA\Evaluaytor\codigofuente\evaluaytor\backend\businessdomain\evaluacion)
2024-07-14T17:39:48.265-05:00  INFO 28184 --- [evaluacion] [           main] c.u.e.b.e.EvaluacionApplicationTests     : No active profile set, falling back to 1 default profile: "default"
2024-07-14T17:39:50.149-05:00  INFO 28184 --- [evaluacion] [           main] .s.d.r.c.RepositoryConfigurationDelegate : Bootstrapping Spring Data JPA repositories in DEFAULT mode.
2024-07-14T17:39:50.397-05:00  INFO 28184 --- [evaluacion] [           main] .s.d.r.c.RepositoryConfigurationDelegate : Finished Spring Data repository scanning in 235 ms. Found 1 JPA repository interface.
2024-07-14T17:39:50.853-05:00  INFO 28184 --- [evaluacion] [           main] o.s.cloud.context.scope.GenericScope     : BeanFactory id=191df072-2094-3a8e-83ac-87be09fd6a11
2024-07-14T17:39:51.382-05:00  WARN 28184 --- [evaluacion] [           main] trationDelegate$BeanPostProcessorChecker : Bean 'org.springframework.cloud.client.loadbalancer.LoadBalancerAutoConfiguration$DeferringLoadBalancerInterceptorConfig' of type [org.springframework.cloud.client.loadbalancer.LoadBalancerAutoConfiguration$DeferringLoadBalancerInterceptorConfig] is not eligible for getting processed by all BeanPostProcessors (for example: not eligible for auto-proxying). The currently created BeanPostProcessor [lbRestClientPostProcessor] is declared through a non-static factory method on that class; consider declaring it as static instead.
2024-07-14T17:39:51.389-05:00  WARN 28184 --- [evaluacion] [           main] trationDelegate$BeanPostProcessorChecker : Bean 'deferringLoadBalancerInterceptor' of type [org.springframework.cloud.client.loadbalancer.DeferringLoadBalancerInterceptor] is not eligible for getting processed by all BeanPostProcessors (for example: not eligible for auto-proxying). Is this bean getting eagerly injected into a currently created BeanPostProcessor [lbRestClientPostProcessor]? Check the corresponding BeanPostProcessor declaration and its dependencies.
2024-07-14T17:39:51.395-05:00  WARN 28184 --- [evaluacion] [           main] trationDelegate$BeanPostProcessorChecker : Bean 'org.springframework.cloud.client.loadbalancer.reactive.LoadBalancerBeanPostProcessorAutoConfiguration' of type [org.springframework.cloud.client.loadbalancer.reactive.LoadBalancerBeanPostProcessorAutoConfiguration] is not eligible for getting processed by all BeanPostProcessors (for example: not eligible for auto-proxying). The currently created BeanPostProcessor [loadBalancerWebClientBuilderBeanPostProcessor] is declared through a non-static factory method on that class; consider declaring it as static instead.
2024-07-14T17:39:51.399-05:00  WARN 28184 --- [evaluacion] [           main] trationDelegate$BeanPostProcessorChecker : Bean 'org.springframework.cloud.client.loadbalancer.reactive.LoadBalancerBeanPostProcessorAutoConfiguration$ReactorDeferringLoadBalancerFilterConfig' of type [org.springframework.cloud.client.loadbalancer.reactive.LoadBalancerBeanPostProcessorAutoConfiguration$ReactorDeferringLoadBalancerFilterConfig] is not eligible for getting processed by all BeanPostProcessors (for example: not eligible for auto-proxying). Is this bean getting eagerly injected into a currently created BeanPostProcessor [loadBalancerWebClientBuilderBeanPostProcessor]? Check the corresponding BeanPostProcessor declaration and its dependencies.
2024-07-14T17:39:51.403-05:00  WARN 28184 --- [evaluacion] [           main] trationDelegate$BeanPostProcessorChecker : Bean 'reactorDeferringLoadBalancerExchangeFilterFunction' of type [org.springframework.cloud.client.loadbalancer.reactive.DeferringLoadBalancerExchangeFilterFunction] is not eligible for getting processed by all BeanPostProcessors (for example: not eligible for auto-proxying). Is this bean getting eagerly injected into a currently created BeanPostProcessor [loadBalancerWebClientBuilderBeanPostProcessor]? Check the corresponding BeanPostProcessor declaration and its dependencies.
2024-07-14T17:39:51.820-05:00  INFO 28184 --- [evaluacion] [           main] com.zaxxer.hikari.HikariDataSource       : HikariPool-1 - Starting...
2024-07-14T17:39:52.382-05:00  INFO 28184 --- [evaluacion] [           main] com.zaxxer.hikari.pool.HikariPool        : HikariPool-1 - Added connection com.mysql.cj.jdbc.ConnectionImpl@14af73e1
2024-07-14T17:39:52.386-05:00  INFO 28184 --- [evaluacion] [           main] com.zaxxer.hikari.HikariDataSource       : HikariPool-1 - Start completed.
2024-07-14T17:39:52.440-05:00  INFO 28184 --- [evaluacion] [           main] o.hibernate.jpa.internal.util.LogHelper  : HHH000204: Processing PersistenceUnitInfo [name: default]
2024-07-14T17:39:52.576-05:00  INFO 28184 --- [evaluacion] [           main] org.hibernate.Version                    : HHH000412: Hibernate ORM core version 6.5.2.Final
2024-07-14T17:39:52.709-05:00  INFO 28184 --- [evaluacion] [           main] o.h.c.internal.RegionFactoryInitiator    : HHH000026: Second-level cache disabled
2024-07-14T17:39:53.365-05:00  INFO 28184 --- [evaluacion] [           main] o.s.o.j.p.SpringPersistenceUnitInfo      : No LoadTimeWeaver setup: ignoring JPA class transformer
2024-07-14T17:39:54.776-05:00  INFO 28184 --- [evaluacion] [           main] o.h.e.t.j.p.i.JtaPlatformInitiator       : HHH000489: No JTA platform available (set 'hibernate.transaction.jta.platform' to enable JTA platform integration)
2024-07-14T17:39:54.779-05:00  INFO 28184 --- [evaluacion] [           main] j.LocalContainerEntityManagerFactoryBean : Initialized JPA EntityManagerFactory for persistence unit 'default'
2024-07-14T17:39:56.189-05:00  WARN 28184 --- [evaluacion] [           main] JpaBaseConfiguration$JpaWebConfiguration : spring.jpa.open-in-view is enabled by default. Therefore, database queries may be performed during view rendering. Explicitly configure spring.jpa.open-in-view to disable this warning
2024-07-14T17:39:59.453-05:00  INFO 28184 --- [evaluacion] [           main] DiscoveryClientOptionalArgsConfiguration : Eureka HTTP Client uses RestTemplate.
2024-07-14T17:39:59.689-05:00  WARN 28184 --- [evaluacion] [           main] iguration$LoadBalancerCaffeineWarnLogger : Spring Cloud LoadBalancer is currently working with the default cache. While this cache implementation is useful for development and tests, it's recommended to use Caffeine cache in production.You can switch to using Caffeine cache, by adding it and org.springframework.cache.caffeine.CaffeineCacheManager to the classpath.
2024-07-14T17:39:59.747-05:00  INFO 28184 --- [evaluacion] [           main] o.s.b.a.e.web.EndpointLinksResolver      : Exposing 17 endpoints beneath base path '/actuator'
2024-07-14T17:40:00.483-05:00  INFO 28184 --- [evaluacion] [           main] c.u.e.b.e.EvaluacionApplicationTests     : Started EvaluacionApplicationTests in 13.007 seconds (process running for 14.464)
]]></system-out>
  </testcase>
</testsuite>